# JRE version: Java(TM) SE Runtime Environment (8.0_281-b09) (build 1.8.0_281-b09)
# Java VM: Java HotSpot(TM) 64-Bit Server VM (25.281-b09 mixed mode windows-amd64 compressed oops)
Heap:
 PSYoungGen      total 651776K, used 137058K [0x00000000d6100000, 0x0000000100000000, 0x0000000100000000)
  eden space 616448K, 22% used [0x00000000d6100000,0x00000000de6d8848,0x00000000fbb00000)
  from space 35328K, 0% used [0x00000000fbb00000,0x00000000fbb00000,0x00000000fdd80000)
  to   space 35328K, 0% used [0x00000000fdd80000,0x00000000fdd80000,0x0000000100000000)
 ParOldGen       total 205312K, used 79653K [0x0000000082200000, 0x000000008ea80000, 0x00000000d6100000)
  object space 205312K, 38% used [0x0000000082200000,0x0000000086fc97a8,0x000000008ea80000)
 Metaspace       used 158033K, capacity 163109K, committed 163544K, reserved 1191936K
  class space    used 20539K, capacity 21349K, committed 21464K, reserved 1048576K
GC Heap History (10 events):
Event: 557.954 GC heap before
{Heap before GC invocations=27 (full 4):
 PSYoungGen      total 650240K, used 140673K [0x00000000d6100000, 0x0000000100000000, 0x0000000100000000)
  eden space 615424K, 18% used [0x00000000d6100000,0x00000000dd2b2988,0x00000000fba00000)
  from space 34816K, 69% used [0x00000000fde00000,0x00000000ff5adbc8,0x0000000100000000)
  to   space 35840K, 0% used [0x00000000fba00000,0x00000000fba00000,0x00000000fdd00000)
 ParOldGen       total 205312K, used 74726K [0x0000000082200000, 0x000000008ea80000, 0x00000000d6100000)
  object space 205312K, 36% used [0x0000000082200000,0x0000000086af9bb0,0x000000008ea80000)
 Metaspace       used 144324K, capacity 149141K, committed 149336K, reserved 1177600K
  class space    used 20231K, capacity 21011K, committed 21080K, reserved 1048576K
Event: 557.966 GC heap after
Heap after GC invocations=27 (full 4):
 PSYoungGen      total 651264K, used 17887K [0x00000000d6100000, 0x00000000fff00000, 0x0000000100000000)
  eden space 615424K, 0% used [0x00000000d6100000,0x00000000d6100000,0x00000000fba00000)
  from space 35840K, 49% used [0x00000000fba00000,0x00000000fcb77fa8,0x00000000fdd00000)
  to   space 34304K, 0% used [0x00000000fdd80000,0x00000000fdd80000,0x00000000fff00000)
 ParOldGen       total 205312K, used 74734K [0x0000000082200000, 0x000000008ea80000, 0x00000000d6100000)
  object space 205312K, 36% used [0x0000000082200000,0x0000000086afbbb0,0x000000008ea80000)
 Metaspace       used 144324K, capacity 149141K, committed 149336K, reserved 1177600K
  class space    used 20231K, capacity 21011K, committed 21080K, reserved 1048576K
}
Event: 557.966 GC heap before
{Heap before GC invocations=28 (full 5):
 PSYoungGen      total 651264K, used 17887K [0x00000000d6100000, 0x00000000fff00000, 0x0000000100000000)
  eden space 615424K, 0% used [0x00000000d6100000,0x00000000d6100000,0x00000000fba00000)
  from space 35840K, 49% used [0x00000000fba00000,0x00000000fcb77fa8,0x00000000fdd00000)
  to   space 34304K, 0% used [0x00000000fdd80000,0x00000000fdd80000,0x00000000fff00000)
 ParOldGen       total 205312K, used 74734K [0x0000000082200000, 0x000000008ea80000, 0x00000000d6100000)
  object space 205312K, 36% used [0x0000000082200000,0x0000000086afbbb0,0x000000008ea80000)
 Metaspace       used 144324K, capacity 149141K, committed 149336K, reserved 1177600K
  class space    used 20231K, capacity 21011K, committed 21080K, reserved 1048576K
Event: 558.557 GC heap after
Heap after GC invocations=28 (full 5):
 PSYoungGen      total 651264K, used 0K [0x00000000d6100000, 0x00000000fff00000, 0x0000000100000000)
  eden space 615424K, 0% used [0x00000000d6100000,0x00000000d6100000,0x00000000fba00000)
  from space 35840K, 0% used [0x00000000fba00000,0x00000000fba00000,0x00000000fdd00000)
  to   space 34304K, 0% used [0x00000000fdd80000,0x00000000fdd80000,0x00000000fff00000)
 ParOldGen       total 205312K, used 71114K [0x0000000082200000, 0x000000008ea80000, 0x00000000d6100000)
  object space 205312K, 34% used [0x0000000082200000,0x0000000086772970,0x000000008ea80000)
 Metaspace       used 144287K, capacity 149075K, committed 149336K, reserved 1177600K
  class space    used 20225K, capacity 21000K, committed 21080K, reserved 1048576K
}
Event: 564.134 GC heap before
{Heap before GC invocations=29 (full 5):
 PSYoungGen      total 651264K, used 615424K [0x00000000d6100000, 0x00000000fff00000, 0x0000000100000000)
  eden space 615424K, 100% used [0x00000000d6100000,0x00000000fba00000,0x00000000fba00000)
  from space 35840K, 0% used [0x00000000fba00000,0x00000000fba00000,0x00000000fdd00000)
  to   space 34304K, 0% used [0x00000000fdd80000,0x00000000fdd80000,0x00000000fff00000)
 ParOldGen       total 205312K, used 71114K [0x0000000082200000, 0x000000008ea80000, 0x00000000d6100000)
  object space 205312K, 34% used [0x0000000082200000,0x0000000086772970,0x000000008ea80000)
 Metaspace       used 147888K, capacity 152911K, committed 153176K, reserved 1181696K
  class space    used 20447K, capacity 21238K, committed 21336K, reserved 1048576K
Event: 564.153 GC heap after
Heap after GC invocations=29 (full 5):
 PSYoungGen      total 650752K, used 24887K [0x00000000d6100000, 0x0000000100000000, 0x0000000100000000)
  eden space 616448K, 0% used [0x00000000d6100000,0x00000000d6100000,0x00000000fbb00000)
  from space 34304K, 72% used [0x00000000fdd80000,0x00000000ff5cdcc0,0x00000000fff00000)
  to   space 35328K, 0% used [0x00000000fbb00000,0x00000000fbb00000,0x00000000fdd80000)
 ParOldGen       total 205312K, used 71122K [0x0000000082200000, 0x000000008ea80000, 0x00000000d6100000)
  object space 205312K, 34% used [0x0000000082200000,0x0000000086774970,0x000000008ea80000)
 Metaspace       used 147888K, capacity 152911K, committed 153176K, reserved 1181696K
  class space    used 20447K, capacity 21238K, committed 21336K, reserved 1048576K
}
Event: 656.465 GC heap before
{Heap before GC invocations=30 (full 5):
 PSYoungGen      total 650752K, used 183478K [0x00000000d6100000, 0x0000000100000000, 0x0000000100000000)
  eden space 616448K, 25% used [0x00000000d6100000,0x00000000dfbdfdb0,0x00000000fbb00000)
  from space 34304K, 72% used [0x00000000fdd80000,0x00000000ff5cdcc0,0x00000000fff00000)
  to   space 35328K, 0% used [0x00000000fbb00000,0x00000000fbb00000,0x00000000fdd80000)
 ParOldGen       total 205312K, used 71122K [0x0000000082200000, 0x000000008ea80000, 0x00000000d6100000)
  object space 205312K, 34% used [0x0000000082200000,0x0000000086774970,0x000000008ea80000)
 Metaspace       used 148087K, capacity 153119K, committed 153432K, reserved 1181696K
  class space    used 20452K, capacity 21240K, committed 21336K, reserved 1048576K
Event: 656.473 GC heap after
Heap after GC invocations=30 (full 5):
 PSYoungGen      total 651776K, used 10053K [0x00000000d6100000, 0x0000000100000000, 0x0000000100000000)
  eden space 616448K, 0% used [0x00000000d6100000,0x00000000d6100000,0x00000000fbb00000)
  from space 35328K, 28% used [0x00000000fbb00000,0x00000000fc4d1518,0x00000000fdd80000)
  to   space 35328K, 0% used [0x00000000fdd80000,0x00000000fdd80000,0x0000000100000000)
 ParOldGen       total 205312K, used 71130K [0x0000000082200000, 0x000000008ea80000, 0x00000000d6100000)
  object space 205312K, 34% used [0x0000000082200000,0x0000000086776970,0x000000008ea80000)
 Metaspace       used 148087K, capacity 153119K, committed 153432K, reserved 1181696K
  class space    used 20452K, capacity 21240K, committed 21336K, reserved 1048576K
}
Event: 656.473 GC heap before
{Heap before GC invocations=31 (full 6):
 PSYoungGen      total 651776K, used 10053K [0x00000000d6100000, 0x0000000100000000, 0x0000000100000000)
  eden space 616448K, 0% used [0x00000000d6100000,0x00000000d6100000,0x00000000fbb00000)
  from space 35328K, 28% used [0x00000000fbb00000,0x00000000fc4d1518,0x00000000fdd80000)
  to   space 35328K, 0% used [0x00000000fdd80000,0x00000000fdd80000,0x0000000100000000)
 ParOldGen       total 205312K, used 71130K [0x0000000082200000, 0x000000008ea80000, 0x00000000d6100000)
  object space 205312K, 34% used [0x0000000082200000,0x0000000086776970,0x000000008ea80000)
 Metaspace       used 148087K, capacity 153119K, committed 153432K, reserved 1181696K
  class space    used 20452K, capacity 21240K, committed 21336K, reserved 1048576K
Event: 656.975 GC heap after
Heap after GC invocations=31 (full 6):
 PSYoungGen      total 651776K, used 0K [0x00000000d6100000, 0x0000000100000000, 0x0000000100000000)
  eden space 616448K, 0% used [0x00000000d6100000,0x00000000d6100000,0x00000000fbb00000)
  from space 35328K, 0% used [0x00000000fbb00000,0x00000000fbb00000,0x00000000fdd80000)
  to   space 35328K, 0% used [0x00000000fdd80000,0x00000000fdd80000,0x0000000100000000)
 ParOldGen       total 205312K, used 79653K [0x0000000082200000, 0x000000008ea80000, 0x00000000d6100000)
  object space 205312K, 38% used [0x0000000082200000,0x0000000086fc97a8,0x000000008ea80000)
 Metaspace       used 148087K, capacity 153119K, committed 153432K, reserved 1181696K
  class space    used 20452K, capacity 21240K, committed 21336K, reserved 1048576K
}

