# JRE version: Java(TM) SE Runtime Environment (8.0_171-b11) (build 1.8.0_171-b11)
# Java VM: Java HotSpot(TM) 64-Bit Server VM (25.171-b11 mixed mode windows-amd64 compressed oops)
Heap:
 PSYoungGen      total 431104K, used 294475K [0x00000000d7000000, 0x0000000100000000, 0x0000000100000000)
  eden space 415744K, 67% used [0x00000000d7000000,0x00000000e80cf790,0x00000000f0600000)
  from space 15360K, 98% used [0x00000000f0600000,0x00000000f14c3740,0x00000000f1500000)
  to   space 129536K, 0% used [0x00000000f8180000,0x00000000f8180000,0x0000000100000000)
 ParOldGen       total 278528K, used 78895K [0x0000000085000000, 0x0000000096000000, 0x00000000d7000000)
  object space 278528K, 28% used [0x0000000085000000,0x0000000089d0bd88,0x0000000096000000)
 Metaspace       used 149553K, capacity 154562K, committed 155008K, reserved 1185792K
  class space    used 18310K, capacity 19072K, committed 19072K, reserved 1048576K
GC Heap History (10 events):
Event: 3427.936 GC heap before
{Heap before GC invocations=47 (full 7):
 PSYoungGen      total 520192K, used 520135K [0x00000000d7000000, 0x0000000100000000, 0x0000000100000000)
  eden space 447488K, 100% used [0x00000000d7000000,0x00000000f2500000,0x00000000f2500000)
  from space 72704K, 99% used [0x00000000f2500000,0x00000000f6bf1ff0,0x00000000f6c00000)
  to   space 114176K, 0% used [0x00000000f9080000,0x00000000f9080000,0x0000000100000000)
 ParOldGen       total 278528K, used 157862K [0x0000000085000000, 0x0000000096000000, 0x00000000d7000000)
  object space 278528K, 56% used [0x0000000085000000,0x000000008ea298f0,0x0000000096000000)
 Metaspace       used 131785K, capacity 136502K, committed 136704K, reserved 1167360K
  class space    used 18076K, capacity 18829K, committed 18944K, reserved 1048576K
Event: 3427.951 GC heap after
Heap after GC invocations=47 (full 7):
 PSYoungGen      total 553472K, used 76225K [0x00000000d7000000, 0x0000000100000000, 0x0000000100000000)
  eden space 439296K, 0% used [0x00000000d7000000,0x00000000d7000000,0x00000000f1d00000)
  from space 114176K, 66% used [0x00000000f9080000,0x00000000fdaf0600,0x0000000100000000)
  to   space 116224K, 0% used [0x00000000f1d00000,0x00000000f1d00000,0x00000000f8e80000)
 ParOldGen       total 278528K, used 157862K [0x0000000085000000, 0x0000000096000000, 0x00000000d7000000)
  object space 278528K, 56% used [0x0000000085000000,0x000000008ea298f0,0x0000000096000000)
 Metaspace       used 131785K, capacity 136502K, committed 136704K, reserved 1167360K
  class space    used 18076K, capacity 18829K, committed 18944K, reserved 1048576K
}
Event: 3429.177 GC heap before
{Heap before GC invocations=48 (full 7):
 PSYoungGen      total 553472K, used 515521K [0x00000000d7000000, 0x0000000100000000, 0x0000000100000000)
  eden space 439296K, 100% used [0x00000000d7000000,0x00000000f1d00000,0x00000000f1d00000)
  from space 114176K, 66% used [0x00000000f9080000,0x00000000fdaf0600,0x0000000100000000)
  to   space 116224K, 0% used [0x00000000f1d00000,0x00000000f1d00000,0x00000000f8e80000)
 ParOldGen       total 278528K, used 157862K [0x0000000085000000, 0x0000000096000000, 0x00000000d7000000)
  object space 278528K, 56% used [0x0000000085000000,0x000000008ea298f0,0x0000000096000000)
 Metaspace       used 131785K, capacity 136502K, committed 136704K, reserved 1167360K
  class space    used 18076K, capacity 18829K, committed 18944K, reserved 1048576K
Event: 3429.197 GC heap after
Heap after GC invocations=48 (full 7):
 PSYoungGen      total 548352K, used 108961K [0x00000000d7000000, 0x0000000100000000, 0x0000000100000000)
  eden space 439296K, 0% used [0x00000000d7000000,0x00000000d7000000,0x00000000f1d00000)
  from space 109056K, 99% used [0x00000000f1d00000,0x00000000f8768620,0x00000000f8780000)
  to   space 123392K, 0% used [0x00000000f8780000,0x00000000f8780000,0x0000000100000000)
 ParOldGen       total 278528K, used 157870K [0x0000000085000000, 0x0000000096000000, 0x00000000d7000000)
  object space 278528K, 56% used [0x0000000085000000,0x000000008ea2b8f0,0x0000000096000000)
 Metaspace       used 131785K, capacity 136502K, committed 136704K, reserved 1167360K
  class space    used 18076K, capacity 18829K, committed 18944K, reserved 1048576K
}
Event: 3602.096 GC heap before
{Heap before GC invocations=49 (full 7):
 PSYoungGen      total 548352K, used 337451K [0x00000000d7000000, 0x0000000100000000, 0x0000000100000000)
  eden space 439296K, 52% used [0x00000000d7000000,0x00000000e4f226d0,0x00000000f1d00000)
  from space 109056K, 99% used [0x00000000f1d00000,0x00000000f8768620,0x00000000f8780000)
  to   space 123392K, 0% used [0x00000000f8780000,0x00000000f8780000,0x0000000100000000)
 ParOldGen       total 278528K, used 157870K [0x0000000085000000, 0x0000000096000000, 0x00000000d7000000)
  object space 278528K, 56% used [0x0000000085000000,0x000000008ea2b8f0,0x0000000096000000)
 Metaspace       used 132101K, capacity 136794K, committed 136960K, reserved 1167360K
  class space    used 18083K, capacity 18835K, committed 18944K, reserved 1048576K
Event: 3602.113 GC heap after
Heap after GC invocations=49 (full 7):
 PSYoungGen      total 539136K, used 74623K [0x00000000d7000000, 0x0000000100000000, 0x0000000100000000)
  eden space 415744K, 0% used [0x00000000d7000000,0x00000000d7000000,0x00000000f0600000)
  from space 123392K, 60% used [0x00000000f8780000,0x00000000fd05fe98,0x0000000100000000)
  to   space 128000K, 0% used [0x00000000f0600000,0x00000000f0600000,0x00000000f8300000)
 ParOldGen       total 278528K, used 157878K [0x0000000085000000, 0x0000000096000000, 0x00000000d7000000)
  object space 278528K, 56% used [0x0000000085000000,0x000000008ea2d8f0,0x0000000096000000)
 Metaspace       used 132101K, capacity 136794K, committed 136960K, reserved 1167360K
  class space    used 18083K, capacity 18835K, committed 18944K, reserved 1048576K
}
Event: 3602.113 GC heap before
{Heap before GC invocations=50 (full 8):
 PSYoungGen      total 539136K, used 74623K [0x00000000d7000000, 0x0000000100000000, 0x0000000100000000)
  eden space 415744K, 0% used [0x00000000d7000000,0x00000000d7000000,0x00000000f0600000)
  from space 123392K, 60% used [0x00000000f8780000,0x00000000fd05fe98,0x0000000100000000)
  to   space 128000K, 0% used [0x00000000f0600000,0x00000000f0600000,0x00000000f8300000)
 ParOldGen       total 278528K, used 157878K [0x0000000085000000, 0x0000000096000000, 0x00000000d7000000)
  object space 278528K, 56% used [0x0000000085000000,0x000000008ea2d8f0,0x0000000096000000)
 Metaspace       used 132101K, capacity 136794K, committed 136960K, reserved 1167360K
  class space    used 18083K, capacity 18835K, committed 18944K, reserved 1048576K
Event: 3602.485 GC heap after
Heap after GC invocations=50 (full 8):
 PSYoungGen      total 539136K, used 0K [0x00000000d7000000, 0x0000000100000000, 0x0000000100000000)
  eden space 415744K, 0% used [0x00000000d7000000,0x00000000d7000000,0x00000000f0600000)
  from space 123392K, 0% used [0x00000000f8780000,0x00000000f8780000,0x0000000100000000)
  to   space 128000K, 0% used [0x00000000f0600000,0x00000000f0600000,0x00000000f8300000)
 ParOldGen       total 278528K, used 78887K [0x0000000085000000, 0x0000000096000000, 0x00000000d7000000)
  object space 278528K, 28% used [0x0000000085000000,0x0000000089d09d88,0x0000000096000000)
 Metaspace       used 132084K, capacity 136758K, committed 136960K, reserved 1167360K
  class space    used 18079K, capacity 18829K, committed 18944K, reserved 1048576K
}
Event: 3604.080 GC heap before
{Heap before GC invocations=51 (full 8):
 PSYoungGen      total 539136K, used 415744K [0x00000000d7000000, 0x0000000100000000, 0x0000000100000000)
  eden space 415744K, 100% used [0x00000000d7000000,0x00000000f0600000,0x00000000f0600000)
  from space 123392K, 0% used [0x00000000f8780000,0x00000000f8780000,0x0000000100000000)
  to   space 128000K, 0% used [0x00000000f0600000,0x00000000f0600000,0x00000000f8300000)
 ParOldGen       total 278528K, used 78887K [0x0000000085000000, 0x0000000096000000, 0x00000000d7000000)
  object space 278528K, 28% used [0x0000000085000000,0x0000000089d09d88,0x0000000096000000)
 Metaspace       used 133520K, capacity 138254K, committed 138368K, reserved 1169408K
  class space    used 18206K, capacity 18975K, committed 19072K, reserved 1048576K
Event: 3604.090 GC heap after
Heap after GC invocations=51 (full 8):
 PSYoungGen      total 431104K, used 15117K [0x00000000d7000000, 0x0000000100000000, 0x0000000100000000)
  eden space 415744K, 0% used [0x00000000d7000000,0x00000000d7000000,0x00000000f0600000)
  from space 15360K, 98% used [0x00000000f0600000,0x00000000f14c3740,0x00000000f1500000)
  to   space 129536K, 0% used [0x00000000f8180000,0x00000000f8180000,0x0000000100000000)
 ParOldGen       total 278528K, used 78895K [0x0000000085000000, 0x0000000096000000, 0x00000000d7000000)
  object space 278528K, 28% used [0x0000000085000000,0x0000000089d0bd88,0x0000000096000000)
 Metaspace       used 133520K, capacity 138254K, committed 138368K, reserved 1169408K
  class space    used 18206K, capacity 18975K, committed 19072K, reserved 1048576K
}

