# JRE version: Java(TM) SE Runtime Environment (8.0_171-b11) (build 1.8.0_171-b11)
# Java VM: Java HotSpot(TM) 64-Bit Server VM (25.171-b11 mixed mode windows-amd64 compressed oops)
Heap:
 PSYoungGen      total 588800K, used 2353K [0x00000000d7000000, 0x00000000fe980000, 0x0000000100000000)
  eden space 588288K, 0% used [0x00000000d7000000,0x00000000d724c480,0x00000000fae80000)
  from space 512K, 0% used [0x00000000fca00000,0x00000000fca00000,0x00000000fca80000)
  to   space 27648K, 0% used [0x00000000fce80000,0x00000000fce80000,0x00000000fe980000)
 ParOldGen       total 138240K, used 46930K [0x0000000085000000, 0x000000008d700000, 0x00000000d7000000)
  object space 138240K, 33% used [0x0000000085000000,0x0000000087dd4a58,0x000000008d700000)
 Metaspace       used 229315K, capacity 234255K, committed 240000K, reserved 1280000K
  class space    used 9072K, capacity 9723K, committed 9856K, reserved 1048576K
GC Heap History (10 events):
Event: 731.614 GC heap before
{Heap before GC invocations=19 (full 4):
 PSYoungGen      total 647680K, used 624640K [0x00000000d7000000, 0x0000000100000000, 0x0000000100000000)
  eden space 624640K, 100% used [0x00000000d7000000,0x00000000fd200000,0x00000000fd200000)
  from space 23040K, 0% used [0x00000000fe980000,0x00000000fe980000,0x0000000100000000)
  to   space 23552K, 0% used [0x00000000fd200000,0x00000000fd200000,0x00000000fe900000)
 ParOldGen       total 101376K, used 43581K [0x0000000085000000, 0x000000008b300000, 0x00000000d7000000)
  object space 101376K, 42% used [0x0000000085000000,0x0000000087a8f438,0x000000008b300000)
 Metaspace       used 67106K, capacity 71045K, committed 71296K, reserved 1110016K
  class space    used 9071K, capacity 9724K, committed 9856K, reserved 1048576K
Event: 731.636 GC heap after
Heap after GC invocations=19 (full 4):
 PSYoungGen      total 648192K, used 23551K [0x00000000d7000000, 0x0000000100000000, 0x0000000100000000)
  eden space 624640K, 0% used [0x00000000d7000000,0x00000000d7000000,0x00000000fd200000)
  from space 23552K, 99% used [0x00000000fd200000,0x00000000fe8ffe18,0x00000000fe900000)
  to   space 23552K, 0% used [0x00000000fe900000,0x00000000fe900000,0x0000000100000000)
 ParOldGen       total 101376K, used 45424K [0x0000000085000000, 0x000000008b300000, 0x00000000d7000000)
  object space 101376K, 44% used [0x0000000085000000,0x0000000087c5c290,0x000000008b300000)
 Metaspace       used 67106K, capacity 71045K, committed 71296K, reserved 1110016K
  class space    used 9071K, capacity 9724K, committed 9856K, reserved 1048576K
}
Event: 769.056 GC heap before
{Heap before GC invocations=20 (full 4):
 PSYoungGen      total 648192K, used 132229K [0x00000000d7000000, 0x0000000100000000, 0x0000000100000000)
  eden space 624640K, 17% used [0x00000000d7000000,0x00000000dda219a8,0x00000000fd200000)
  from space 23552K, 99% used [0x00000000fd200000,0x00000000fe8ffe18,0x00000000fe900000)
  to   space 23552K, 0% used [0x00000000fe900000,0x00000000fe900000,0x0000000100000000)
 ParOldGen       total 101376K, used 45424K [0x0000000085000000, 0x000000008b300000, 0x00000000d7000000)
  object space 101376K, 44% used [0x0000000085000000,0x0000000087c5c290,0x000000008b300000)
 Metaspace       used 108121K, capacity 112424K, committed 114136K, reserved 1153024K
  class space    used 9075K, capacity 9728K, committed 9856K, reserved 1048576K
Event: 769.065 GC heap after
Heap after GC invocations=20 (full 4):
 PSYoungGen      total 640000K, used 1920K [0x00000000d7000000, 0x0000000100000000, 0x0000000100000000)
  eden space 616448K, 0% used [0x00000000d7000000,0x00000000d7000000,0x00000000fca00000)
  from space 23552K, 8% used [0x00000000fe900000,0x00000000feae0020,0x0000000100000000)
  to   space 27648K, 0% used [0x00000000fca00000,0x00000000fca00000,0x00000000fe500000)
 ParOldGen       total 101376K, used 61453K [0x0000000085000000, 0x000000008b300000, 0x00000000d7000000)
  object space 101376K, 60% used [0x0000000085000000,0x0000000088c03600,0x000000008b300000)
 Metaspace       used 108121K, capacity 112424K, committed 114136K, reserved 1153024K
  class space    used 9075K, capacity 9728K, committed 9856K, reserved 1048576K
}
Event: 769.065 GC heap before
{Heap before GC invocations=21 (full 5):
 PSYoungGen      total 640000K, used 1920K [0x00000000d7000000, 0x0000000100000000, 0x0000000100000000)
  eden space 616448K, 0% used [0x00000000d7000000,0x00000000d7000000,0x00000000fca00000)
  from space 23552K, 8% used [0x00000000fe900000,0x00000000feae0020,0x0000000100000000)
  to   space 27648K, 0% used [0x00000000fca00000,0x00000000fca00000,0x00000000fe500000)
 ParOldGen       total 101376K, used 61453K [0x0000000085000000, 0x000000008b300000, 0x00000000d7000000)
  object space 101376K, 60% used [0x0000000085000000,0x0000000088c03600,0x000000008b300000)
 Metaspace       used 108121K, capacity 112424K, committed 114136K, reserved 1153024K
  class space    used 9075K, capacity 9728K, committed 9856K, reserved 1048576K
Event: 769.217 GC heap after
Heap after GC invocations=21 (full 5):
 PSYoungGen      total 640000K, used 0K [0x00000000d7000000, 0x0000000100000000, 0x0000000100000000)
  eden space 616448K, 0% used [0x00000000d7000000,0x00000000d7000000,0x00000000fca00000)
  from space 23552K, 0% used [0x00000000fe900000,0x00000000fe900000,0x0000000100000000)
  to   space 27648K, 0% used [0x00000000fca00000,0x00000000fca00000,0x00000000fe500000)
 ParOldGen       total 117248K, used 46761K [0x0000000085000000, 0x000000008c280000, 0x00000000d7000000)
  object space 117248K, 39% used [0x0000000085000000,0x0000000087daa598,0x000000008c280000)
 Metaspace       used 108081K, capacity 112324K, committed 114136K, reserved 1153024K
  class space    used 9072K, capacity 9723K, committed 9856K, reserved 1048576K
}
Event: 770.049 GC heap before
{Heap before GC invocations=22 (full 5):
 PSYoungGen      total 640000K, used 10171K [0x00000000d7000000, 0x0000000100000000, 0x0000000100000000)
  eden space 616448K, 1% used [0x00000000d7000000,0x00000000d79eed28,0x00000000fca00000)
  from space 23552K, 0% used [0x00000000fe900000,0x00000000fe900000,0x0000000100000000)
  to   space 27648K, 0% used [0x00000000fca00000,0x00000000fca00000,0x00000000fe500000)
 ParOldGen       total 117248K, used 46761K [0x0000000085000000, 0x000000008c280000, 0x00000000d7000000)
  object space 117248K, 39% used [0x0000000085000000,0x0000000087daa598,0x000000008c280000)
 Metaspace       used 181066K, capacity 185783K, committed 190228K, reserved 1230848K
  class space    used 9072K, capacity 9723K, committed 9856K, reserved 1048576K
Event: 770.052 GC heap after
Heap after GC invocations=22 (full 5):
 PSYoungGen      total 588800K, used 320K [0x00000000d7000000, 0x00000000fe980000, 0x0000000100000000)
  eden space 588288K, 0% used [0x00000000d7000000,0x00000000d7000000,0x00000000fae80000)
  from space 512K, 62% used [0x00000000fca00000,0x00000000fca50000,0x00000000fca80000)
  to   space 27648K, 0% used [0x00000000fce80000,0x00000000fce80000,0x00000000fe980000)
 ParOldGen       total 117248K, used 46761K [0x0000000085000000, 0x000000008c280000, 0x00000000d7000000)
  object space 117248K, 39% used [0x0000000085000000,0x0000000087daa598,0x000000008c280000)
 Metaspace       used 181066K, capacity 185783K, committed 190228K, reserved 1230848K
  class space    used 9072K, capacity 9723K, committed 9856K, reserved 1048576K
}
Event: 770.052 GC heap before
{Heap before GC invocations=23 (full 6):
 PSYoungGen      total 588800K, used 320K [0x00000000d7000000, 0x00000000fe980000, 0x0000000100000000)
  eden space 588288K, 0% used [0x00000000d7000000,0x00000000d7000000,0x00000000fae80000)
  from space 512K, 62% used [0x00000000fca00000,0x00000000fca50000,0x00000000fca80000)
  to   space 27648K, 0% used [0x00000000fce80000,0x00000000fce80000,0x00000000fe980000)
 ParOldGen       total 117248K, used 46761K [0x0000000085000000, 0x000000008c280000, 0x00000000d7000000)
  object space 117248K, 39% used [0x0000000085000000,0x0000000087daa598,0x000000008c280000)
 Metaspace       used 181066K, capacity 185783K, committed 190228K, reserved 1230848K
  class space    used 9072K, capacity 9723K, committed 9856K, reserved 1048576K
Event: 770.265 GC heap after
Heap after GC invocations=23 (full 6):
 PSYoungGen      total 588800K, used 0K [0x00000000d7000000, 0x00000000fe980000, 0x0000000100000000)
  eden space 588288K, 0% used [0x00000000d7000000,0x00000000d7000000,0x00000000fae80000)
  from space 512K, 0% used [0x00000000fca00000,0x00000000fca00000,0x00000000fca80000)
  to   space 27648K, 0% used [0x00000000fce80000,0x00000000fce80000,0x00000000fe980000)
 ParOldGen       total 138240K, used 46930K [0x0000000085000000, 0x000000008d700000, 0x00000000d7000000)
  object space 138240K, 33% used [0x0000000085000000,0x0000000087dd4a58,0x000000008d700000)
 Metaspace       used 181066K, capacity 185783K, committed 190228K, reserved 1230848K
  class space    used 9072K, capacity 9723K, committed 9856K, reserved 1048576K
}

