# JRE version: Java(TM) SE Runtime Environment (8.0_231-b11) (build 1.8.0_231-b11)
# Java VM: Java HotSpot(TM) 64-Bit Server VM (25.231-b11 mixed mode windows-amd64 compressed oops)
Heap:
 PSYoungGen      total 1025536K, used 28403K [0x000000076b900000, 0x00000007ac400000, 0x00000007c0000000)
  eden space 1002496K, 2% used [0x000000076b900000,0x000000076d4bcfc8,0x00000007a8c00000)
  from space 23040K, 0% used [0x00000007aa400000,0x00000007aa400000,0x00000007aba80000)
  to   space 24576K, 0% used [0x00000007a8c00000,0x00000007a8c00000,0x00000007aa400000)
 ParOldGen       total 431104K, used 53563K [0x00000006c2a00000, 0x00000006dcf00000, 0x000000076b900000)
  object space 431104K, 12% used [0x00000006c2a00000,0x00000006c5e4ed30,0x00000006dcf00000)
 Metaspace       used 681528K, capacity 689551K, committed 698072K, reserved 1734656K
  class space    used 11934K, capacity 12756K, committed 12800K, reserved 1048576K
GC Heap History (10 events):
Event: 1326.791 GC heap before
{Heap before GC invocations=38 (full 14):
 PSYoungGen      total 989184K, used 12775K [0x000000076b900000, 0x00000007ac680000, 0x00000007c0000000)
  eden space 976384K, 0% used [0x000000076b900000,0x000000076b900000,0x00000007a7280000)
  from space 12800K, 99% used [0x00000007aba00000,0x00000007ac679ff8,0x00000007ac680000)
  to   space 24576K, 0% used [0x00000007a9680000,0x00000007a9680000,0x00000007aae80000)
 ParOldGen       total 330752K, used 53979K [0x00000006c2a00000, 0x00000006d6d00000, 0x000000076b900000)
  object space 330752K, 16% used [0x00000006c2a00000,0x00000006c5eb6c68,0x00000006d6d00000)
 Metaspace       used 388733K, capacity 395200K, committed 398552K, reserved 1435648K
  class space    used 11702K, capacity 12524K, committed 12544K, reserved 1048576K
Event: 1326.961 GC heap after
Heap after GC invocations=38 (full 14):
 PSYoungGen      total 989184K, used 0K [0x000000076b900000, 0x00000007ac680000, 0x00000007c0000000)
  eden space 976384K, 0% used [0x000000076b900000,0x000000076b900000,0x00000007a7280000)
  from space 12800K, 0% used [0x00000007aba00000,0x00000007aba00000,0x00000007ac680000)
  to   space 24576K, 0% used [0x00000007a9680000,0x00000007a9680000,0x00000007aae80000)
 ParOldGen       total 330752K, used 55772K [0x00000006c2a00000, 0x00000006d6d00000, 0x000000076b900000)
  object space 330752K, 16% used [0x00000006c2a00000,0x00000006c6077010,0x00000006d6d00000)
 Metaspace       used 388697K, capacity 395106K, committed 398552K, reserved 1435648K
  class space    used 11699K, capacity 12520K, committed 12544K, reserved 1048576K
}
Event: 1394.461 GC heap before
{Heap before GC invocations=39 (full 14):
 PSYoungGen      total 989184K, used 691178K [0x000000076b900000, 0x00000007ac680000, 0x00000007c0000000)
  eden space 976384K, 70% used [0x000000076b900000,0x0000000795bfa890,0x00000007a7280000)
  from space 12800K, 0% used [0x00000007aba00000,0x00000007aba00000,0x00000007ac680000)
  to   space 24576K, 0% used [0x00000007a9680000,0x00000007a9680000,0x00000007aae80000)
 ParOldGen       total 330752K, used 55772K [0x00000006c2a00000, 0x00000006d6d00000, 0x000000076b900000)
  object space 330752K, 16% used [0x00000006c2a00000,0x00000006c6077010,0x00000006d6d00000)
 Metaspace       used 391457K, capacity 397976K, committed 401368K, reserved 1437696K
  class space    used 11931K, capacity 12758K, committed 12800K, reserved 1048576K
Event: 1394.470 GC heap after
Heap after GC invocations=39 (full 14):
 PSYoungGen      total 989184K, used 12716K [0x000000076b900000, 0x00000007aba80000, 0x00000007c0000000)
  eden space 976384K, 0% used [0x000000076b900000,0x000000076b900000,0x00000007a7280000)
  from space 12800K, 99% used [0x00000007a9680000,0x00000007aa2eb3f0,0x00000007aa300000)
  to   space 23040K, 0% used [0x00000007aa400000,0x00000007aa400000,0x00000007aba80000)
 ParOldGen       total 330752K, used 55780K [0x00000006c2a00000, 0x00000006d6d00000, 0x000000076b900000)
  object space 330752K, 16% used [0x00000006c2a00000,0x00000006c6079010,0x00000006d6d00000)
 Metaspace       used 391457K, capacity 397976K, committed 401368K, reserved 1437696K
  class space    used 11931K, capacity 12758K, committed 12800K, reserved 1048576K
}
Event: 1394.470 GC heap before
{Heap before GC invocations=40 (full 15):
 PSYoungGen      total 989184K, used 12716K [0x000000076b900000, 0x00000007aba80000, 0x00000007c0000000)
  eden space 976384K, 0% used [0x000000076b900000,0x000000076b900000,0x00000007a7280000)
  from space 12800K, 99% used [0x00000007a9680000,0x00000007aa2eb3f0,0x00000007aa300000)
  to   space 23040K, 0% used [0x00000007aa400000,0x00000007aa400000,0x00000007aba80000)
 ParOldGen       total 330752K, used 55780K [0x00000006c2a00000, 0x00000006d6d00000, 0x000000076b900000)
  object space 330752K, 16% used [0x00000006c2a00000,0x00000006c6079010,0x00000006d6d00000)
 Metaspace       used 391457K, capacity 397976K, committed 401368K, reserved 1437696K
  class space    used 11931K, capacity 12758K, committed 12800K, reserved 1048576K
Event: 1394.632 GC heap after
Heap after GC invocations=40 (full 15):
 PSYoungGen      total 989184K, used 0K [0x000000076b900000, 0x00000007aba80000, 0x00000007c0000000)
  eden space 976384K, 0% used [0x000000076b900000,0x000000076b900000,0x00000007a7280000)
  from space 12800K, 0% used [0x00000007a9680000,0x00000007a9680000,0x00000007aa300000)
  to   space 23040K, 0% used [0x00000007aa400000,0x00000007aa400000,0x00000007aba80000)
 ParOldGen       total 330752K, used 57517K [0x00000006c2a00000, 0x00000006d6d00000, 0x000000076b900000)
  object space 330752K, 17% used [0x00000006c2a00000,0x00000006c622b688,0x00000006d6d00000)
 Metaspace       used 391421K, capacity 397882K, committed 401368K, reserved 1437696K
  class space    used 11928K, capacity 12754K, committed 12800K, reserved 1048576K
}
Event: 1395.451 GC heap before
{Heap before GC invocations=41 (full 15):
 PSYoungGen      total 989184K, used 3355K [0x000000076b900000, 0x00000007aba80000, 0x00000007c0000000)
  eden space 976384K, 0% used [0x000000076b900000,0x000000076bc46d90,0x00000007a7280000)
  from space 12800K, 0% used [0x00000007a9680000,0x00000007a9680000,0x00000007aa300000)
  to   space 23040K, 0% used [0x00000007aa400000,0x00000007aa400000,0x00000007aba80000)
 ParOldGen       total 330752K, used 57517K [0x00000006c2a00000, 0x00000006d6d00000, 0x000000076b900000)
  object space 330752K, 17% used [0x00000006c2a00000,0x00000006c622b688,0x00000006d6d00000)
 Metaspace       used 653489K, capacity 661325K, committed 668888K, reserved 1705984K
  class space    used 11933K, capacity 12754K, committed 12800K, reserved 1048576K
Event: 1395.454 GC heap after
Heap after GC invocations=41 (full 15):
 PSYoungGen      total 1025536K, used 192K [0x000000076b900000, 0x00000007ac400000, 0x00000007c0000000)
  eden space 1002496K, 0% used [0x000000076b900000,0x000000076b900000,0x00000007a8c00000)
  from space 23040K, 0% used [0x00000007aa400000,0x00000007aa430000,0x00000007aba80000)
  to   space 24576K, 0% used [0x00000007a8c00000,0x00000007a8c00000,0x00000007aa400000)
 ParOldGen       total 330752K, used 57525K [0x00000006c2a00000, 0x00000006d6d00000, 0x000000076b900000)
  object space 330752K, 17% used [0x00000006c2a00000,0x00000006c622d688,0x00000006d6d00000)
 Metaspace       used 653489K, capacity 661325K, committed 668888K, reserved 1705984K
  class space    used 11933K, capacity 12754K, committed 12800K, reserved 1048576K
}
Event: 1395.454 GC heap before
{Heap before GC invocations=42 (full 16):
 PSYoungGen      total 1025536K, used 192K [0x000000076b900000, 0x00000007ac400000, 0x00000007c0000000)
  eden space 1002496K, 0% used [0x000000076b900000,0x000000076b900000,0x00000007a8c00000)
  from space 23040K, 0% used [0x00000007aa400000,0x00000007aa430000,0x00000007aba80000)
  to   space 24576K, 0% used [0x00000007a8c00000,0x00000007a8c00000,0x00000007aa400000)
 ParOldGen       total 330752K, used 57525K [0x00000006c2a00000, 0x00000006d6d00000, 0x000000076b900000)
  object space 330752K, 17% used [0x00000006c2a00000,0x00000006c622d688,0x00000006d6d00000)
 Metaspace       used 653489K, capacity 661325K, committed 668888K, reserved 1705984K
  class space    used 11933K, capacity 12754K, committed 12800K, reserved 1048576K
Event: 1395.552 GC heap after
Heap after GC invocations=42 (full 16):
 PSYoungGen      total 1025536K, used 0K [0x000000076b900000, 0x00000007ac400000, 0x00000007c0000000)
  eden space 1002496K, 0% used [0x000000076b900000,0x000000076b900000,0x00000007a8c00000)
  from space 23040K, 0% used [0x00000007aa400000,0x00000007aa400000,0x00000007aba80000)
  to   space 24576K, 0% used [0x00000007a8c00000,0x00000007a8c00000,0x00000007aa400000)
 ParOldGen       total 431104K, used 53563K [0x00000006c2a00000, 0x00000006dcf00000, 0x000000076b900000)
  object space 431104K, 12% used [0x00000006c2a00000,0x00000006c5e4ed30,0x00000006dcf00000)
 Metaspace       used 653489K, capacity 661325K, committed 668888K, reserved 1705984K
  class space    used 11933K, capacity 12754K, committed 12800K, reserved 1048576K
}

