# JRE version: Java(TM) SE Runtime Environment (8.0_231-b11) (build 1.8.0_231-b11)
# Java VM: Java HotSpot(TM) 64-Bit Server VM (25.231-b11 mixed mode windows-amd64 compressed oops)
Heap:
 PSYoungGen      total 348160K, used 4974K [0x000000076b900000, 0x0000000783280000, 0x00000007c0000000)
  eden space 325120K, 1% used [0x000000076b900000,0x000000076bddbb38,0x000000077f680000)
  from space 23040K, 0% used [0x000000077f680000,0x000000077f680000,0x0000000780d00000)
  to   space 23552K, 0% used [0x0000000781b80000,0x0000000781b80000,0x0000000783280000)
 ParOldGen       total 279040K, used 50399K [0x00000006c2a00000, 0x00000006d3a80000, 0x000000076b900000)
  object space 279040K, 18% used [0x00000006c2a00000,0x00000006c5b37e80,0x00000006d3a80000)
 Metaspace       used 250586K, capacity 255683K, committed 259200K, reserved 1296384K
  class space    used 10600K, capacity 11293K, committed 11392K, reserved 1048576K
GC Heap History (10 events):
Event: 1275.059 GC heap before
{Heap before GC invocations=39 (full 6):
 PSYoungGen      total 295936K, used 295693K [0x000000076b900000, 0x0000000783000000, 0x00000007c0000000)
  eden space 282624K, 100% used [0x000000076b900000,0x000000077cd00000,0x000000077cd00000)
  from space 13312K, 98% used [0x0000000782300000,0x0000000782fc35e8,0x0000000783000000)
  to   space 18944K, 0% used [0x0000000780b00000,0x0000000780b00000,0x0000000781d80000)
 ParOldGen       total 147968K, used 41432K [0x00000006c2a00000, 0x00000006cba80000, 0x000000076b900000)
  object space 147968K, 28% used [0x00000006c2a00000,0x00000006c5276068,0x00000006cba80000)
 Metaspace       used 79719K, capacity 83910K, committed 84096K, reserved 1122304K
  class space    used 10567K, capacity 11265K, committed 11392K, reserved 1048576K
Event: 1275.070 GC heap after
Heap after GC invocations=39 (full 6):
 PSYoungGen      total 336384K, used 18921K [0x000000076b900000, 0x0000000782380000, 0x00000007c0000000)
  eden space 317440K, 0% used [0x000000076b900000,0x000000076b900000,0x000000077ef00000)
  from space 18944K, 99% used [0x0000000780b00000,0x0000000781d7a550,0x0000000781d80000)
  to   space 6144K, 0% used [0x0000000781d80000,0x0000000781d80000,0x0000000782380000)
 ParOldGen       total 147968K, used 43248K [0x00000006c2a00000, 0x00000006cba80000, 0x000000076b900000)
  object space 147968K, 29% used [0x00000006c2a00000,0x00000006c543c068,0x00000006cba80000)
 Metaspace       used 79719K, capacity 83910K, committed 84096K, reserved 1122304K
  class space    used 10567K, capacity 11265K, committed 11392K, reserved 1048576K
}
Event: 1280.966 GC heap before
{Heap before GC invocations=40 (full 6):
 PSYoungGen      total 336384K, used 73803K [0x000000076b900000, 0x0000000782380000, 0x00000007c0000000)
  eden space 317440K, 17% used [0x000000076b900000,0x000000076ee98a90,0x000000077ef00000)
  from space 18944K, 99% used [0x0000000780b00000,0x0000000781d7a550,0x0000000781d80000)
  to   space 6144K, 0% used [0x0000000781d80000,0x0000000781d80000,0x0000000782380000)
 ParOldGen       total 147968K, used 43248K [0x00000006c2a00000, 0x00000006cba80000, 0x000000076b900000)
  object space 147968K, 29% used [0x00000006c2a00000,0x00000006c543c068,0x00000006cba80000)
 Metaspace       used 130588K, capacity 135149K, committed 136320K, reserved 1173504K
  class space    used 10603K, capacity 11297K, committed 11392K, reserved 1048576K
Event: 1280.978 GC heap after
Heap after GC invocations=40 (full 6):
 PSYoungGen      total 312320K, used 6121K [0x000000076b900000, 0x0000000782380000, 0x00000007c0000000)
  eden space 306176K, 0% used [0x000000076b900000,0x000000076b900000,0x000000077e400000)
  from space 6144K, 99% used [0x0000000781d80000,0x000000078237a540,0x0000000782380000)
  to   space 23040K, 0% used [0x000000077f680000,0x000000077f680000,0x0000000780d00000)
 ParOldGen       total 147968K, used 52629K [0x00000006c2a00000, 0x00000006cba80000, 0x000000076b900000)
  object space 147968K, 35% used [0x00000006c2a00000,0x00000006c5d65430,0x00000006cba80000)
 Metaspace       used 130588K, capacity 135149K, committed 136320K, reserved 1173504K
  class space    used 10603K, capacity 11297K, committed 11392K, reserved 1048576K
}
Event: 1280.978 GC heap before
{Heap before GC invocations=41 (full 7):
 PSYoungGen      total 312320K, used 6121K [0x000000076b900000, 0x0000000782380000, 0x00000007c0000000)
  eden space 306176K, 0% used [0x000000076b900000,0x000000076b900000,0x000000077e400000)
  from space 6144K, 99% used [0x0000000781d80000,0x000000078237a540,0x0000000782380000)
  to   space 23040K, 0% used [0x000000077f680000,0x000000077f680000,0x0000000780d00000)
 ParOldGen       total 147968K, used 52629K [0x00000006c2a00000, 0x00000006cba80000, 0x000000076b900000)
  object space 147968K, 35% used [0x00000006c2a00000,0x00000006c5d65430,0x00000006cba80000)
 Metaspace       used 130588K, capacity 135149K, committed 136320K, reserved 1173504K
  class space    used 10603K, capacity 11297K, committed 11392K, reserved 1048576K
Event: 1281.083 GC heap after
Heap after GC invocations=41 (full 7):
 PSYoungGen      total 312320K, used 0K [0x000000076b900000, 0x0000000782380000, 0x00000007c0000000)
  eden space 306176K, 0% used [0x000000076b900000,0x000000076b900000,0x000000077e400000)
  from space 6144K, 0% used [0x0000000781d80000,0x0000000781d80000,0x0000000782380000)
  to   space 23040K, 0% used [0x000000077f680000,0x000000077f680000,0x0000000780d00000)
 ParOldGen       total 219648K, used 50697K [0x00000006c2a00000, 0x00000006d0080000, 0x000000076b900000)
  object space 219648K, 23% used [0x00000006c2a00000,0x00000006c5b82750,0x00000006d0080000)
 Metaspace       used 130551K, capacity 135055K, committed 136320K, reserved 1173504K
  class space    used 10600K, capacity 11293K, committed 11392K, reserved 1048576K
}
Event: 1281.359 GC heap before
{Heap before GC invocations=42 (full 7):
 PSYoungGen      total 312320K, used 1226K [0x000000076b900000, 0x0000000782380000, 0x00000007c0000000)
  eden space 306176K, 0% used [0x000000076b900000,0x000000076ba329c8,0x000000077e400000)
  from space 6144K, 0% used [0x0000000781d80000,0x0000000781d80000,0x0000000782380000)
  to   space 23040K, 0% used [0x000000077f680000,0x000000077f680000,0x0000000780d00000)
 ParOldGen       total 219648K, used 50697K [0x00000006c2a00000, 0x00000006d0080000, 0x000000076b900000)
  object space 219648K, 23% used [0x00000006c2a00000,0x00000006c5b82750,0x00000006d0080000)
 Metaspace       used 219738K, capacity 224724K, committed 227200K, reserved 1265664K
  class space    used 10600K, capacity 11293K, committed 11392K, reserved 1048576K
Event: 1281.361 GC heap after
Heap after GC invocations=42 (full 7):
 PSYoungGen      total 348160K, used 64K [0x000000076b900000, 0x0000000783280000, 0x00000007c0000000)
  eden space 325120K, 0% used [0x000000076b900000,0x000000076b900000,0x000000077f680000)
  from space 23040K, 0% used [0x000000077f680000,0x000000077f690000,0x0000000780d00000)
  to   space 23552K, 0% used [0x0000000781b80000,0x0000000781b80000,0x0000000783280000)
 ParOldGen       total 219648K, used 50697K [0x00000006c2a00000, 0x00000006d0080000, 0x000000076b900000)
  object space 219648K, 23% used [0x00000006c2a00000,0x00000006c5b82750,0x00000006d0080000)
 Metaspace       used 219738K, capacity 224724K, committed 227200K, reserved 1265664K
  class space    used 10600K, capacity 11293K, committed 11392K, reserved 1048576K
}
Event: 1281.361 GC heap before
{Heap before GC invocations=43 (full 8):
 PSYoungGen      total 348160K, used 64K [0x000000076b900000, 0x0000000783280000, 0x00000007c0000000)
  eden space 325120K, 0% used [0x000000076b900000,0x000000076b900000,0x000000077f680000)
  from space 23040K, 0% used [0x000000077f680000,0x000000077f690000,0x0000000780d00000)
  to   space 23552K, 0% used [0x0000000781b80000,0x0000000781b80000,0x0000000783280000)
 ParOldGen       total 219648K, used 50697K [0x00000006c2a00000, 0x00000006d0080000, 0x000000076b900000)
  object space 219648K, 23% used [0x00000006c2a00000,0x00000006c5b82750,0x00000006d0080000)
 Metaspace       used 219738K, capacity 224724K, committed 227200K, reserved 1265664K
  class space    used 10600K, capacity 11293K, committed 11392K, reserved 1048576K
Event: 1281.484 GC heap after
Heap after GC invocations=43 (full 8):
 PSYoungGen      total 348160K, used 0K [0x000000076b900000, 0x0000000783280000, 0x00000007c0000000)
  eden space 325120K, 0% used [0x000000076b900000,0x000000076b900000,0x000000077f680000)
  from space 23040K, 0% used [0x000000077f680000,0x000000077f680000,0x0000000780d00000)
  to   space 23552K, 0% used [0x0000000781b80000,0x0000000781b80000,0x0000000783280000)
 ParOldGen       total 279040K, used 50399K [0x00000006c2a00000, 0x00000006d3a80000, 0x000000076b900000)
  object space 279040K, 18% used [0x00000006c2a00000,0x00000006c5b37e80,0x00000006d3a80000)
 Metaspace       used 219738K, capacity 224724K, committed 227200K, reserved 1265664K
  class space    used 10600K, capacity 11293K, committed 11392K, reserved 1048576K
}

