# JRE version: Java(TM) SE Runtime Environment (8.0_171-b11) (build 1.8.0_171-b11)
# Java VM: Java HotSpot(TM) 64-Bit Server VM (25.171-b11 mixed mode windows-amd64 compressed oops)
Heap:
 PSYoungGen      total 611328K, used 3824K [0x00000000d7000000, 0x0000000100000000, 0x0000000100000000)
  eden space 593408K, 0% used [0x00000000d7000000,0x00000000d73bc0a8,0x00000000fb380000)
  from space 17920K, 0% used [0x00000000fd300000,0x00000000fd300000,0x00000000fe480000)
  to   space 32256K, 0% used [0x00000000fb380000,0x00000000fb380000,0x00000000fd300000)
 ParOldGen       total 202752K, used 54326K [0x0000000085000000, 0x0000000091600000, 0x00000000d7000000)
  object space 202752K, 26% used [0x0000000085000000,0x000000008850d8c0,0x0000000091600000)
 Metaspace       used 236885K, capacity 242097K, committed 247808K, reserved 1286144K
  class space    used 9730K, capacity 10433K, committed 10496K, reserved 1048576K
GC Heap History (10 events):
Event: 372.371 GC heap before
{Heap before GC invocations=32 (full 8):
 PSYoungGen      total 641536K, used 611328K [0x00000000d7000000, 0x0000000100000000, 0x0000000100000000)
  eden space 611328K, 100% used [0x00000000d7000000,0x00000000fc500000,0x00000000fc500000)
  from space 30208K, 0% used [0x00000000fc500000,0x00000000fc500000,0x00000000fe280000)
  to   space 29184K, 0% used [0x00000000fe380000,0x00000000fe380000,0x0000000100000000)
 ParOldGen       total 128000K, used 44801K [0x0000000085000000, 0x000000008cd00000, 0x00000000d7000000)
  object space 128000K, 35% used [0x0000000085000000,0x0000000087bc04c8,0x000000008cd00000)
 Metaspace       used 76776K, capacity 80959K, committed 81152K, reserved 1120256K
  class space    used 9721K, capacity 10419K, committed 10496K, reserved 1048576K
Event: 372.386 GC heap after
Heap after GC invocations=32 (full 8):
 PSYoungGen      total 637440K, used 25151K [0x00000000d7000000, 0x0000000100000000, 0x0000000100000000)
  eden space 608256K, 0% used [0x00000000d7000000,0x00000000d7000000,0x00000000fc200000)
  from space 29184K, 86% used [0x00000000fe380000,0x00000000ffc0fd20,0x0000000100000000)
  to   space 31744K, 0% used [0x00000000fc200000,0x00000000fc200000,0x00000000fe100000)
 ParOldGen       total 128000K, used 44809K [0x0000000085000000, 0x000000008cd00000, 0x00000000d7000000)
  object space 128000K, 35% used [0x0000000085000000,0x0000000087bc24c8,0x000000008cd00000)
 Metaspace       used 76776K, capacity 80959K, committed 81152K, reserved 1120256K
  class space    used 9721K, capacity 10419K, committed 10496K, reserved 1048576K
}
Event: 704.183 GC heap before
{Heap before GC invocations=33 (full 8):
 PSYoungGen      total 637440K, used 274447K [0x00000000d7000000, 0x0000000100000000, 0x0000000100000000)
  eden space 608256K, 40% used [0x00000000d7000000,0x00000000e6374210,0x00000000fc200000)
  from space 29184K, 86% used [0x00000000fe380000,0x00000000ffc0fd20,0x0000000100000000)
  to   space 31744K, 0% used [0x00000000fc200000,0x00000000fc200000,0x00000000fe100000)
 ParOldGen       total 128000K, used 44809K [0x0000000085000000, 0x000000008cd00000, 0x00000000d7000000)
  object space 128000K, 35% used [0x0000000085000000,0x0000000087bc24c8,0x000000008cd00000)
 Metaspace       used 123981K, capacity 128601K, committed 130560K, reserved 1169408K
  class space    used 9733K, capacity 10437K, committed 10496K, reserved 1048576K
Event: 704.193 GC heap after
Heap after GC invocations=33 (full 8):
 PSYoungGen      total 598528K, used 16905K [0x00000000d7000000, 0x00000000fe480000, 0x0000000100000000)
  eden space 581120K, 0% used [0x00000000d7000000,0x00000000d7000000,0x00000000fa780000)
  from space 17408K, 97% used [0x00000000fc200000,0x00000000fd282768,0x00000000fd300000)
  to   space 17920K, 0% used [0x00000000fd300000,0x00000000fd300000,0x00000000fe480000)
 ParOldGen       total 128000K, used 44817K [0x0000000085000000, 0x000000008cd00000, 0x00000000d7000000)
  object space 128000K, 35% used [0x0000000085000000,0x0000000087bc44c8,0x000000008cd00000)
 Metaspace       used 123981K, capacity 128601K, committed 130560K, reserved 1169408K
  class space    used 9733K, capacity 10437K, committed 10496K, reserved 1048576K
}
Event: 704.193 GC heap before
{Heap before GC invocations=34 (full 9):
 PSYoungGen      total 598528K, used 16905K [0x00000000d7000000, 0x00000000fe480000, 0x0000000100000000)
  eden space 581120K, 0% used [0x00000000d7000000,0x00000000d7000000,0x00000000fa780000)
  from space 17408K, 97% used [0x00000000fc200000,0x00000000fd282768,0x00000000fd300000)
  to   space 17920K, 0% used [0x00000000fd300000,0x00000000fd300000,0x00000000fe480000)
 ParOldGen       total 128000K, used 44817K [0x0000000085000000, 0x000000008cd00000, 0x00000000d7000000)
  object space 128000K, 35% used [0x0000000085000000,0x0000000087bc44c8,0x000000008cd00000)
 Metaspace       used 123981K, capacity 128601K, committed 130560K, reserved 1169408K
  class space    used 9733K, capacity 10437K, committed 10496K, reserved 1048576K
Event: 704.287 GC heap after
Heap after GC invocations=34 (full 9):
 PSYoungGen      total 598528K, used 0K [0x00000000d7000000, 0x00000000fe480000, 0x0000000100000000)
  eden space 581120K, 0% used [0x00000000d7000000,0x00000000d7000000,0x00000000fa780000)
  from space 17408K, 0% used [0x00000000fc200000,0x00000000fc200000,0x00000000fd300000)
  to   space 17920K, 0% used [0x00000000fd300000,0x00000000fd300000,0x00000000fe480000)
 ParOldGen       total 163840K, used 54290K [0x0000000085000000, 0x000000008f000000, 0x00000000d7000000)
  object space 163840K, 33% used [0x0000000085000000,0x0000000088504858,0x000000008f000000)
 Metaspace       used 123945K, capacity 128507K, committed 130560K, reserved 1169408K
  class space    used 9730K, capacity 10433K, committed 10496K, reserved 1048576K
}
Event: 704.549 GC heap before
{Heap before GC invocations=35 (full 9):
 PSYoungGen      total 598528K, used 6202K [0x00000000d7000000, 0x00000000fe480000, 0x0000000100000000)
  eden space 581120K, 1% used [0x00000000d7000000,0x00000000d760eb48,0x00000000fa780000)
  from space 17408K, 0% used [0x00000000fc200000,0x00000000fc200000,0x00000000fd300000)
  to   space 17920K, 0% used [0x00000000fd300000,0x00000000fd300000,0x00000000fe480000)
 ParOldGen       total 163840K, used 54290K [0x0000000085000000, 0x000000008f000000, 0x00000000d7000000)
  object space 163840K, 33% used [0x0000000085000000,0x0000000088504858,0x000000008f000000)
 Metaspace       used 207674K, capacity 212798K, committed 217600K, reserved 1257472K
  class space    used 9730K, capacity 10433K, committed 10496K, reserved 1048576K
Event: 704.553 GC heap after
Heap after GC invocations=35 (full 9):
 PSYoungGen      total 611328K, used 160K [0x00000000d7000000, 0x0000000100000000, 0x0000000100000000)
  eden space 593408K, 0% used [0x00000000d7000000,0x00000000d7000000,0x00000000fb380000)
  from space 17920K, 0% used [0x00000000fd300000,0x00000000fd328000,0x00000000fe480000)
  to   space 32256K, 0% used [0x00000000fb380000,0x00000000fb380000,0x00000000fd300000)
 ParOldGen       total 163840K, used 54290K [0x0000000085000000, 0x000000008f000000, 0x00000000d7000000)
  object space 163840K, 33% used [0x0000000085000000,0x0000000088504858,0x000000008f000000)
 Metaspace       used 207674K, capacity 212798K, committed 217600K, reserved 1257472K
  class space    used 9730K, capacity 10433K, committed 10496K, reserved 1048576K
}
Event: 704.553 GC heap before
{Heap before GC invocations=36 (full 10):
 PSYoungGen      total 611328K, used 160K [0x00000000d7000000, 0x0000000100000000, 0x0000000100000000)
  eden space 593408K, 0% used [0x00000000d7000000,0x00000000d7000000,0x00000000fb380000)
  from space 17920K, 0% used [0x00000000fd300000,0x00000000fd328000,0x00000000fe480000)
  to   space 32256K, 0% used [0x00000000fb380000,0x00000000fb380000,0x00000000fd300000)
 ParOldGen       total 163840K, used 54290K [0x0000000085000000, 0x000000008f000000, 0x00000000d7000000)
  object space 163840K, 33% used [0x0000000085000000,0x0000000088504858,0x000000008f000000)
 Metaspace       used 207674K, capacity 212798K, committed 217600K, reserved 1257472K
  class space    used 9730K, capacity 10433K, committed 10496K, reserved 1048576K
Event: 704.755 GC heap after
Heap after GC invocations=36 (full 10):
 PSYoungGen      total 611328K, used 0K [0x00000000d7000000, 0x0000000100000000, 0x0000000100000000)
  eden space 593408K, 0% used [0x00000000d7000000,0x00000000d7000000,0x00000000fb380000)
  from space 17920K, 0% used [0x00000000fd300000,0x00000000fd300000,0x00000000fe480000)
  to   space 32256K, 0% used [0x00000000fb380000,0x00000000fb380000,0x00000000fd300000)
 ParOldGen       total 202752K, used 54326K [0x0000000085000000, 0x0000000091600000, 0x00000000d7000000)
  object space 202752K, 26% used [0x0000000085000000,0x000000008850d8c0,0x0000000091600000)
 Metaspace       used 207674K, capacity 212798K, committed 217600K, reserved 1257472K
  class space    used 9730K, capacity 10433K, committed 10496K, reserved 1048576K
}

